TN:
SF:src/core/UniswapV2ERC20.sol
DA:24,86
FN:24,UniswapV2ERC20.constructor
FNDA:86,UniswapV2ERC20.constructor
DA:25,86
DA:27,86
DA:29,86
DA:40,102
FN:40,UniswapV2ERC20._mint
FNDA:102,UniswapV2ERC20._mint
DA:41,102
DA:42,102
DA:43,102
DA:46,57
FN:46,UniswapV2ERC20.mint
FNDA:57,UniswapV2ERC20.mint
DA:47,57
DA:50,3
FN:50,UniswapV2ERC20._burn
FNDA:3,UniswapV2ERC20._burn
DA:51,3
DA:52,3
DA:53,3
DA:56,0
FN:56,UniswapV2ERC20.burn
FNDA:0,UniswapV2ERC20.burn
DA:57,0
DA:60,4
FN:60,UniswapV2ERC20._approve
FNDA:4,UniswapV2ERC20._approve
DA:61,4
DA:62,4
DA:65,154
FN:65,UniswapV2ERC20._transfer
FNDA:154,UniswapV2ERC20._transfer
DA:66,154
DA:67,152
DA:68,152
DA:71,3
FN:71,UniswapV2ERC20.approve
FNDA:3,UniswapV2ERC20.approve
DA:72,3
DA:73,3
DA:76,152
FN:76,UniswapV2ERC20.transfer
FNDA:152,UniswapV2ERC20.transfer
DA:77,152
DA:78,150
DA:81,2
FN:81,UniswapV2ERC20.transferFrom
FNDA:2,UniswapV2ERC20.transferFrom
DA:82,2
BRDA:82,0,0,1
DA:83,1
DA:85,2
DA:86,2
DA:89,1
FN:89,UniswapV2ERC20.permit
FNDA:1,UniswapV2ERC20.permit
DA:90,1
BRDA:90,1,0,-
BRDA:90,1,1,1
DA:91,1
DA:98,1
DA:99,1
BRDA:99,2,0,-
BRDA:99,2,1,1
DA:100,1
FNF:11
FNH:10
LF:40
LH:38
BRF:5
BRH:3
end_of_record
TN:
SF:src/core/UniswapV2Factory.sol
DA:16,34
FN:16,UniswapV2Factory.constructor
FNDA:34,UniswapV2Factory.constructor
DA:17,34
DA:20,3
FN:20,UniswapV2Factory.allPairsLength
FNDA:3,UniswapV2Factory.allPairsLength
DA:21,3
DA:24,31
FN:24,UniswapV2Factory.createPair
FNDA:31,UniswapV2Factory.createPair
DA:25,31
BRDA:25,0,0,-
BRDA:25,0,1,31
DA:26,31
DA:27,31
BRDA:27,1,0,-
BRDA:27,1,1,31
DA:28,31
BRDA:28,2,0,2
BRDA:28,2,1,29
DA:29,29
DA:30,29
DA:32,29
DA:34,29
DA:35,29
DA:36,29
DA:37,29
DA:38,29
DA:41,5
FN:41,UniswapV2Factory.setFeeTo
FNDA:5,UniswapV2Factory.setFeeTo
DA:42,5
BRDA:42,3,0,1
BRDA:42,3,1,4
DA:43,4
DA:46,3
FN:46,UniswapV2Factory.setFeeToSetter
FNDA:3,UniswapV2Factory.setFeeToSetter
DA:47,3
BRDA:47,4,0,2
BRDA:47,4,1,1
DA:48,1
FNF:5
FNH:5
LF:23
LH:23
BRF:10
BRH:8
end_of_record
TN:
SF:src/core/UniswapV2Pair.sol
DA:32,25
FN:32,UniswapV2Pair.lock
FNDA:25,UniswapV2Pair.lock
DA:33,25
BRDA:33,0,0,-
BRDA:33,0,1,2
DA:34,25
DA:36,15
DA:39,8
FN:39,UniswapV2Pair.getReserves
FNDA:8,UniswapV2Pair.getReserves
DA:40,59
DA:41,59
DA:42,59
DA:45,33
FN:45,UniswapV2Pair._safeTransfer
FNDA:33,UniswapV2Pair._safeTransfer
DA:46,33
DA:47,33
BRDA:47,1,0,-
BRDA:47,1,1,33
DA:62,29
FN:62,UniswapV2Pair.constructor
FNDA:29,UniswapV2Pair.constructor
DA:63,29
DA:67,29
FN:67,UniswapV2Pair.initialize
FNDA:29,UniswapV2Pair.initialize
DA:68,29
BRDA:68,2,0,-
BRDA:68,2,1,29
DA:69,29
DA:70,29
DA:74,43
FN:74,UniswapV2Pair._update
FNDA:43,UniswapV2Pair._update
DA:75,43
BRDA:75,3,0,-
BRDA:75,3,1,43
DA:76,43
DA:77,43
DA:78,43
BRDA:78,4,0,3
DA:80,3
DA:81,3
DA:83,43
DA:84,43
DA:85,43
DA:86,43
DA:90,26
FN:90,UniswapV2Pair._mintFee
FNDA:26,UniswapV2Pair._mintFee
DA:91,26
DA:92,26
DA:93,26
DA:94,3
BRDA:94,5,0,3
BRDA:94,5,1,23
DA:95,3
BRDA:95,6,0,1
DA:96,1
DA:97,1
DA:98,1
BRDA:98,7,0,1
DA:99,1
DA:100,1
DA:101,1
DA:102,1
BRDA:102,8,0,1
DA:105,23
BRDA:105,9,0,1
DA:106,1
DA:111,23
FN:111,UniswapV2Pair.mint
FNDA:23,UniswapV2Pair.mint
DA:112,23
DA:113,23
DA:114,23
DA:115,23
DA:116,23
DA:118,23
DA:119,23
DA:120,23
BRDA:120,10,0,21
BRDA:120,10,1,2
DA:121,21
DA:122,21
DA:124,2
DA:126,23
BRDA:126,11,0,-
BRDA:126,11,1,23
DA:127,23
DA:129,23
DA:130,2
BRDA:130,12,0,2
DA:131,23
DA:135,3
FN:135,UniswapV2Pair.burn
FNDA:3,UniswapV2Pair.burn
DA:136,3
DA:137,3
DA:138,3
DA:139,3
DA:140,3
DA:141,3
DA:143,3
DA:144,3
DA:145,3
DA:146,3
DA:147,3
BRDA:147,13,0,-
BRDA:147,13,1,3
DA:148,3
DA:149,3
DA:150,3
DA:151,3
DA:152,3
DA:154,3
DA:155,1
BRDA:155,14,0,1
DA:156,3
DA:160,25
FN:160,UniswapV2Pair.swap
FNDA:25,UniswapV2Pair.swap
DA:161,25
BRDA:161,15,0,-
BRDA:161,15,1,25
DA:162,25
DA:163,25
BRDA:163,16,0,-
BRDA:163,16,1,25
DA:165,25
DA:166,25
DA:168,25
DA:169,25
DA:170,25
BRDA:170,17,0,-
BRDA:170,17,1,25
DA:171,25
BRDA:171,18,0,9
DA:172,25
BRDA:172,19,0,16
DA:173,25
BRDA:173,20,0,-
DA:174,25
DA:175,25
DA:177,25
DA:178,25
DA:179,25
BRDA:179,21,0,-
BRDA:179,21,1,25
DA:181,25
DA:182,25
DA:183,25
BRDA:183,22,0,10
BRDA:183,22,1,15
DA:186,15
DA:187,15
DA:191,1
FN:191,UniswapV2Pair.skim
FNDA:1,UniswapV2Pair.skim
DA:192,1
DA:193,1
DA:194,1
DA:195,1
DA:199,2
FN:199,UniswapV2Pair.sync
FNDA:2,UniswapV2Pair.sync
DA:200,2
DA:206,1
FN:206,UniswapV2Pair.get_name
FNDA:1,UniswapV2Pair.get_name
DA:207,1
DA:210,1
FN:210,UniswapV2Pair.get_symbol
FNDA:1,UniswapV2Pair.get_symbol
DA:211,1
DA:214,1
FN:214,UniswapV2Pair.get_decimals
FNDA:1,UniswapV2Pair.get_decimals
DA:215,1
DA:218,1
FN:218,UniswapV2Pair.get_totalSupply
FNDA:1,UniswapV2Pair.get_totalSupply
DA:219,1
DA:222,1
FN:222,UniswapV2Pair.get_balanceOf
FNDA:1,UniswapV2Pair.get_balanceOf
DA:223,1
DA:226,3
FN:226,UniswapV2Pair.get_allowance
FNDA:3,UniswapV2Pair.get_allowance
DA:227,3
DA:231,2
FN:231,UniswapV2Pair.get_DOMAIN_SEPARATOR
FNDA:2,UniswapV2Pair.get_DOMAIN_SEPARATOR
DA:232,2
DA:235,2
FN:235,UniswapV2Pair.get_PERMIT_TYPEHASH
FNDA:2,UniswapV2Pair.get_PERMIT_TYPEHASH
DA:236,2
DA:239,3
FN:239,UniswapV2Pair.get_nonces
FNDA:3,UniswapV2Pair.get_nonces
DA:240,3
DA:244,2
FN:244,UniswapV2Pair.get_approve
FNDA:2,UniswapV2Pair.get_approve
DA:245,2
DA:246,2
DA:247,2
DA:250,1
FN:250,UniswapV2Pair.get_transfer
FNDA:1,UniswapV2Pair.get_transfer
DA:251,1
DA:252,1
DA:253,1
DA:254,1
DA:257,1
FN:257,UniswapV2Pair.get_transferFrom
FNDA:1,UniswapV2Pair.get_transferFrom
DA:258,1
BRDA:258,23,0,1
DA:259,1
DA:261,1
DA:262,1
DA:263,1
DA:264,1
DA:267,3
FN:267,UniswapV2Pair.get_permit
FNDA:3,UniswapV2Pair.get_permit
DA:276,3
BRDA:276,24,0,1
BRDA:276,24,1,2
DA:277,2
DA:284,2
DA:285,2
BRDA:285,25,0,1
BRDA:285,25,1,1
DA:286,1
DA:287,1
FNF:25
FNH:25
LF:150
LH:150
BRF:41
BRH:30
end_of_record
TN:
SF:src/libraries/Babylonian.sol
DA:9,0
FN:9,Babylonian.sqrt
FNDA:0,Babylonian.sqrt
DA:10,0
DA:13,0
DA:14,0
DA:15,0
BRDA:15,1,0,-
DA:16,0
DA:17,0
DA:19,0
BRDA:19,2,0,-
DA:20,0
DA:21,0
DA:23,0
BRDA:23,3,0,-
DA:24,0
DA:25,0
DA:27,0
BRDA:27,4,0,-
DA:28,0
DA:29,0
DA:31,0
BRDA:31,5,0,-
DA:32,0
DA:33,0
DA:35,0
BRDA:35,6,0,-
DA:36,0
DA:37,0
DA:39,0
BRDA:39,7,0,-
DA:40,0
DA:42,0
DA:43,0
DA:44,0
DA:45,0
DA:46,0
DA:47,0
DA:48,0
DA:49,0
DA:50,0
FNF:1
FNH:0
LF:33
LH:0
BRF:7
BRH:0
end_of_record
TN:
SF:src/libraries/BitMath.sol
DA:7,0
FN:7,BitMath.mostSignificantBit
FNDA:0,BitMath.mostSignificantBit
DA:8,0
BRDA:8,0,0,-
BRDA:8,0,1,-
DA:10,0
BRDA:10,1,0,-
DA:11,0
DA:12,0
DA:14,0
BRDA:14,2,0,-
DA:15,0
DA:16,0
DA:18,0
BRDA:18,3,0,-
DA:19,0
DA:20,0
DA:22,0
BRDA:22,4,0,-
DA:23,0
DA:24,0
DA:26,0
BRDA:26,5,0,-
DA:27,0
DA:28,0
DA:30,0
BRDA:30,6,0,-
DA:31,0
DA:32,0
DA:34,0
BRDA:34,7,0,-
DA:35,0
DA:36,0
DA:38,0
BRDA:38,8,0,-
DA:44,0
FN:44,BitMath.leastSignificantBit
FNDA:0,BitMath.leastSignificantBit
DA:45,0
BRDA:45,9,0,-
BRDA:45,9,1,-
DA:47,0
DA:48,0
BRDA:48,10,0,-
BRDA:48,10,1,-
DA:49,0
DA:51,0
DA:53,0
BRDA:53,11,0,-
BRDA:53,11,1,-
DA:54,0
DA:56,0
DA:58,0
BRDA:58,12,0,-
BRDA:58,12,1,-
DA:59,0
DA:61,0
DA:63,0
BRDA:63,13,0,-
BRDA:63,13,1,-
DA:64,0
DA:66,0
DA:68,0
BRDA:68,14,0,-
BRDA:68,14,1,-
DA:69,0
DA:71,0
DA:73,0
BRDA:73,15,0,-
BRDA:73,15,1,-
DA:74,0
DA:76,0
DA:78,0
BRDA:78,16,0,-
BRDA:78,16,1,-
DA:79,0
DA:81,0
DA:83,0
BRDA:83,17,0,-
FNF:2
FNH:0
LF:49
LH:0
BRF:27
BRH:0
end_of_record
TN:
SF:src/libraries/FixedPoint.sol
DA:28,0
FN:28,FixedPoint.encode
FNDA:0,FixedPoint.encode
DA:29,0
DA:33,0
FN:33,FixedPoint.encode144
FNDA:0,FixedPoint.encode144
DA:34,0
DA:38,0
FN:38,FixedPoint.decode
FNDA:0,FixedPoint.decode
DA:39,0
DA:43,0
FN:43,FixedPoint.decode144
FNDA:0,FixedPoint.decode144
DA:44,0
DA:49,0
FN:49,FixedPoint.mul
FNDA:0,FixedPoint.mul
DA:50,0
DA:51,0
BRDA:51,0,0,-
BRDA:51,0,1,-
DA:52,0
DA:57,0
FN:57,FixedPoint.muli
FNDA:0,FixedPoint.muli
DA:58,0
DA:59,0
BRDA:59,1,0,-
BRDA:59,1,1,-
DA:60,0
DA:65,0
FN:65,FixedPoint.muluq
FNDA:0,FixedPoint.muluq
DA:66,0
BRDA:66,2,0,-
DA:67,0
DA:69,0
DA:70,0
DA:71,0
DA:72,0
DA:75,0
DA:76,0
DA:77,0
DA:78,0
DA:81,0
BRDA:81,3,0,-
BRDA:81,3,1,-
DA:84,0
DA:87,0
BRDA:87,4,0,-
BRDA:87,4,1,-
DA:89,0
DA:93,0
FN:93,FixedPoint.divuq
FNDA:0,FixedPoint.divuq
DA:94,0
BRDA:94,5,0,-
BRDA:94,5,1,-
DA:95,0
BRDA:95,6,0,-
DA:96,0
DA:98,0
BRDA:98,7,0,-
DA:99,0
DA:100,0
BRDA:100,8,0,-
BRDA:100,8,1,-
DA:101,0
DA:104,0
DA:105,0
BRDA:105,9,0,-
BRDA:105,9,1,-
DA:106,0
DA:111,0
FN:111,FixedPoint.fraction
FNDA:0,FixedPoint.fraction
DA:112,0
BRDA:112,10,0,-
BRDA:112,10,1,-
DA:113,0
DA:115,0
BRDA:115,12,0,-
BRDA:115,12,1,-
DA:116,0
DA:117,0
BRDA:117,13,0,-
BRDA:117,13,1,-
DA:118,0
DA:120,0
DA:121,0
BRDA:121,14,0,-
BRDA:121,14,1,-
DA:122,0
DA:129,0
FN:129,FixedPoint.reciprocal
FNDA:0,FixedPoint.reciprocal
DA:130,0
BRDA:130,15,0,-
BRDA:130,15,1,-
DA:131,0
BRDA:131,16,0,-
BRDA:131,16,1,-
DA:132,0
DA:137,0
FN:137,FixedPoint.sqrt
FNDA:0,FixedPoint.sqrt
DA:138,0
BRDA:138,17,0,-
DA:139,0
DA:142,0
DA:143,0
DA:144,0
FNF:11
FNH:0
LF:62
LH:0
BRF:30
BRH:0
end_of_record
TN:
SF:src/libraries/FullMath.sol
DA:7,0
FN:7,FullMath.fullMul
FNDA:0,FullMath.fullMul
DA:8,0
DA:9,0
DA:10,0
DA:11,0
BRDA:11,0,0,-
DA:14,0
FN:14,FullMath.fullDiv
FNDA:0,FullMath.fullDiv
DA:19,0
DA:20,0
DA:21,0
DA:22,0
DA:25,0
DA:26,0
DA:27,0
DA:28,0
DA:29,0
DA:30,0
DA:31,0
DA:32,0
DA:33,0
DA:34,0
DA:37,0
FN:37,FullMath.mulDiv
FNDA:0,FullMath.mulDiv
DA:43,0
BRDA:43,1,0,-
BRDA:43,1,1,-
DA:45,0
DA:47,0
DA:48,0
BRDA:48,2,0,-
DA:49,0
DA:51,0
DA:53,0
BRDA:53,4,0,-
BRDA:53,4,1,-
DA:54,0
FNF:3
FNH:0
LF:29
LH:0
BRF:6
BRH:0
end_of_record
TN:
SF:src/libraries/Math.sol
DA:6,2
FN:6,Math.min
FNDA:2,Math.min
DA:7,2
DA:11,23
FN:11,Math.sqrt
FNDA:23,Math.sqrt
DA:12,23
BRDA:12,0,0,23
BRDA:12,0,1,-
DA:13,23
DA:14,23
DA:15,1611
DA:16,1588
DA:17,1588
DA:19,0
BRDA:19,1,0,-
DA:20,0
FNF:2
FNH:2
LF:11
LH:9
BRF:3
BRH:1
end_of_record
TN:
SF:src/libraries/TransferHelper.sol
DA:6,0
FN:6,TransferHelper.safeApprove
FNDA:0,TransferHelper.safeApprove
DA:12,0
DA:13,0
BRDA:13,0,0,-
BRDA:13,0,1,-
DA:19,0
FN:19,TransferHelper.safeTransfer
FNDA:0,TransferHelper.safeTransfer
DA:25,0
DA:26,0
BRDA:26,1,0,-
BRDA:26,1,1,-
DA:32,0
FN:32,TransferHelper.safeTransferFrom
FNDA:0,TransferHelper.safeTransferFrom
DA:39,0
DA:40,0
BRDA:40,2,0,-
BRDA:40,2,1,-
DA:46,0
FN:46,TransferHelper.safeTransferETH
FNDA:0,TransferHelper.safeTransferETH
DA:47,0
DA:48,0
BRDA:48,3,0,-
BRDA:48,3,1,-
FNF:4
FNH:0
LF:12
LH:0
BRF:8
BRH:0
end_of_record
TN:
SF:src/libraries/UQ112x112.sol
DA:13,6
FN:13,UQ112x112.encode
FNDA:6,UQ112x112.encode
DA:14,6
DA:18,6
FN:18,UQ112x112.uqdiv
FNDA:6,UQ112x112.uqdiv
DA:19,6
BRDA:19,0,0,-
BRDA:19,0,1,6
DA:20,6
FNF:2
FNH:2
LF:5
LH:5
BRF:2
BRH:1
end_of_record
TN:
SF:src/periphery/UniswapV2Router02.sol
DA:18,0
FN:18,UniswapV2Router02.ensure
FNDA:0,UniswapV2Router02.ensure
DA:19,0
BRDA:19,0,0,-
BRDA:19,0,1,-
DA:23,3
FN:23,UniswapV2Router02.constructor
FNDA:3,UniswapV2Router02.constructor
DA:24,3
DA:25,3
DA:28,1
FN:28,UniswapV2Router02.receive
FNDA:1,UniswapV2Router02.receive
DA:29,1
DA:33,1
FN:33,UniswapV2Router02._addLiquidity
FNDA:1,UniswapV2Router02._addLiquidity
DA:42,1
BRDA:42,1,0,1
DA:43,1
DA:45,1
DA:46,0
BRDA:46,2,0,-
BRDA:46,2,1,-
DA:47,0
DA:49,0
DA:50,0
BRDA:50,3,0,-
BRDA:50,3,1,-
DA:51,0
BRDA:51,4,0,-
BRDA:51,4,1,-
DA:52,0
DA:54,0
DA:55,0
DA:56,0
BRDA:56,5,0,-
BRDA:56,5,1,-
DA:57,0
DA:61,2
FN:61,UniswapV2Router02.addLiquidity
FNDA:2,UniswapV2Router02.addLiquidity
DA:71,1
DA:72,0
DA:73,0
DA:74,0
DA:75,0
DA:77,0
FN:77,UniswapV2Router02.addLiquidityETH
FNDA:0,UniswapV2Router02.addLiquidityETH
DA:85,0
DA:93,0
DA:94,0
DA:95,0
DA:96,0
DA:97,0
DA:99,0
BRDA:99,6,0,-
DA:103,0
FN:103,UniswapV2Router02.removeLiquidity
FNDA:0,UniswapV2Router02.removeLiquidity
DA:112,0
DA:113,0
DA:114,0
DA:115,0
DA:116,0
DA:117,0
BRDA:117,7,0,-
BRDA:117,7,1,-
DA:118,0
BRDA:118,8,0,-
BRDA:118,8,1,-
DA:120,0
FN:120,UniswapV2Router02.removeLiquidityETH
FNDA:0,UniswapV2Router02.removeLiquidityETH
DA:128,0
DA:137,0
DA:138,0
DA:139,0
DA:141,0
FN:141,UniswapV2Router02.removeLiquidityWithPermit
FNDA:0,UniswapV2Router02.removeLiquidityWithPermit
DA:151,0
DA:152,0
DA:153,0
DA:154,0
DA:156,0
FN:156,UniswapV2Router02.removeLiquidityETHWithPermit
FNDA:0,UniswapV2Router02.removeLiquidityETHWithPermit
DA:165,0
DA:166,0
DA:167,0
DA:168,0
DA:172,0
FN:172,UniswapV2Router02.removeLiquidityETHSupportingFeeOnTransferTokens
FNDA:0,UniswapV2Router02.removeLiquidityETHSupportingFeeOnTransferTokens
DA:180,0
DA:189,0
DA:190,0
DA:191,0
DA:193,0
FN:193,UniswapV2Router02.removeLiquidityETHWithPermitSupportingFeeOnTransferTokens
FNDA:0,UniswapV2Router02.removeLiquidityETHWithPermitSupportingFeeOnTransferTokens
DA:202,0
DA:203,0
DA:204,0
DA:205,0
DA:212,0
FN:212,UniswapV2Router02._swap
FNDA:0,UniswapV2Router02._swap
DA:213,0
DA:214,0
DA:215,0
DA:216,0
DA:217,0
DA:218,0
DA:219,0
DA:224,0
FN:224,UniswapV2Router02.swapExactTokensForTokens
FNDA:0,UniswapV2Router02.swapExactTokensForTokens
DA:231,0
DA:232,0
BRDA:232,9,0,-
BRDA:232,9,1,-
DA:233,0
DA:236,0
DA:238,0
FN:238,UniswapV2Router02.swapTokensForExactTokens
FNDA:0,UniswapV2Router02.swapTokensForExactTokens
DA:245,0
DA:246,0
BRDA:246,10,0,-
BRDA:246,10,1,-
DA:247,0
DA:250,0
DA:252,0
FN:252,UniswapV2Router02.swapExactETHForTokens
FNDA:0,UniswapV2Router02.swapExactETHForTokens
DA:260,0
BRDA:260,11,0,-
BRDA:260,11,1,-
DA:261,0
DA:262,0
BRDA:262,12,0,-
BRDA:262,12,1,-
DA:263,0
DA:264,0
DA:265,0
DA:267,0
FN:267,UniswapV2Router02.swapTokensForExactETH
FNDA:0,UniswapV2Router02.swapTokensForExactETH
DA:274,0
BRDA:274,13,0,-
BRDA:274,13,1,-
DA:275,0
DA:276,0
BRDA:276,14,0,-
BRDA:276,14,1,-
DA:277,0
DA:280,0
DA:281,0
DA:282,0
DA:284,0
FN:284,UniswapV2Router02.swapExactTokensForETH
FNDA:0,UniswapV2Router02.swapExactTokensForETH
DA:291,0
BRDA:291,15,0,-
BRDA:291,15,1,-
DA:292,0
DA:293,0
BRDA:293,16,0,-
BRDA:293,16,1,-
DA:294,0
DA:297,0
DA:298,0
DA:299,0
DA:301,0
FN:301,UniswapV2Router02.swapETHForExactTokens
FNDA:0,UniswapV2Router02.swapETHForExactTokens
DA:309,0
BRDA:309,17,0,-
BRDA:309,17,1,-
DA:310,0
DA:311,0
BRDA:311,18,0,-
BRDA:311,18,1,-
DA:312,0
DA:313,0
DA:314,0
DA:316,0
BRDA:316,19,0,-
DA:321,0
FN:321,UniswapV2Router02._swapSupportingFeeOnTransferTokens
FNDA:0,UniswapV2Router02._swapSupportingFeeOnTransferTokens
DA:322,0
DA:323,0
DA:324,0
DA:325,0
DA:326,0
DA:327,0
DA:329,0
DA:330,0
DA:331,0
DA:332,0
DA:334,0
DA:335,0
DA:336,0
DA:339,0
FN:339,UniswapV2Router02.swapExactTokensForTokensSupportingFeeOnTransferTokens
FNDA:0,UniswapV2Router02.swapExactTokensForTokensSupportingFeeOnTransferTokens
DA:346,0
DA:349,0
DA:350,0
DA:351,0
BRDA:351,20,0,-
BRDA:351,20,1,-
DA:356,0
FN:356,UniswapV2Router02.swapExactETHForTokensSupportingFeeOnTransferTokens
FNDA:0,UniswapV2Router02.swapExactETHForTokensSupportingFeeOnTransferTokens
DA:368,0
BRDA:368,21,0,-
BRDA:368,21,1,-
DA:369,0
DA:370,0
DA:371,0
DA:372,0
DA:373,0
DA:374,0
BRDA:374,22,0,-
BRDA:374,22,1,-
DA:379,0
FN:379,UniswapV2Router02.swapExactTokensForETHSupportingFeeOnTransferTokens
FNDA:0,UniswapV2Router02.swapExactTokensForETHSupportingFeeOnTransferTokens
DA:391,0
BRDA:391,23,0,-
BRDA:391,23,1,-
DA:392,0
DA:395,0
DA:396,0
DA:397,0
BRDA:397,24,0,-
BRDA:397,24,1,-
DA:398,0
DA:399,0
DA:403,0
FN:403,UniswapV2Router02.quote
FNDA:0,UniswapV2Router02.quote
DA:404,0
DA:407,0
FN:407,UniswapV2Router02.getAmountOut
FNDA:0,UniswapV2Router02.getAmountOut
DA:414,0
DA:417,0
FN:417,UniswapV2Router02.getAmountIn
FNDA:0,UniswapV2Router02.getAmountIn
DA:424,0
DA:427,0
FN:427,UniswapV2Router02.getAmountsOut
FNDA:0,UniswapV2Router02.getAmountsOut
DA:434,0
DA:437,0
FN:437,UniswapV2Router02.getAmountsIn
FNDA:0,UniswapV2Router02.getAmountsIn
DA:444,0
FNF:28
FNH:4
LF:162
LH:11
BRF:47
BRH:1
end_of_record
TN:
SF:src/periphery/libraries/UniswapV2Library.sol
DA:8,2
FN:8,UniswapV2Library.sortTokens
FNDA:2,UniswapV2Library.sortTokens
DA:9,2
BRDA:9,0,0,-
BRDA:9,0,1,2
DA:10,2
DA:11,2
BRDA:11,1,0,-
BRDA:11,1,1,2
DA:15,1
FN:15,UniswapV2Library.pairFor
FNDA:1,UniswapV2Library.pairFor
DA:16,1
DA:17,1
DA:26,1
FN:26,UniswapV2Library.getReserves
FNDA:1,UniswapV2Library.getReserves
DA:27,1
DA:28,1
DA:29,0
DA:33,0
FN:33,UniswapV2Library.quote
FNDA:0,UniswapV2Library.quote
DA:34,0
BRDA:34,2,0,-
BRDA:34,2,1,-
DA:35,0
BRDA:35,3,0,-
BRDA:35,3,1,-
DA:36,0
DA:40,0
FN:40,UniswapV2Library.getAmountOut
FNDA:0,UniswapV2Library.getAmountOut
DA:41,0
BRDA:41,4,0,-
BRDA:41,4,1,-
DA:42,0
BRDA:42,5,0,-
BRDA:42,5,1,-
DA:43,0
DA:44,0
DA:45,0
DA:46,0
DA:50,0
FN:50,UniswapV2Library.getAmountIn
FNDA:0,UniswapV2Library.getAmountIn
DA:51,0
BRDA:51,6,0,-
BRDA:51,6,1,-
DA:52,0
BRDA:52,7,0,-
BRDA:52,7,1,-
DA:53,0
DA:54,0
DA:55,0
DA:59,0
FN:59,UniswapV2Library.getAmountsOut
FNDA:0,UniswapV2Library.getAmountsOut
DA:60,0
BRDA:60,8,0,-
BRDA:60,8,1,-
DA:61,0
DA:62,0
DA:63,0
DA:64,0
DA:65,0
DA:70,0
FN:70,UniswapV2Library.getAmountsIn
FNDA:0,UniswapV2Library.getAmountsIn
DA:71,0
BRDA:71,9,0,-
BRDA:71,9,1,-
DA:72,0
DA:73,0
DA:74,0
DA:75,0
DA:76,0
FNF:8
FNH:3
LF:42
LH:10
BRF:20
BRH:2
end_of_record
TN:
SF:src/periphery/libraries/UniswapV2LiquidityMathLibrary.sol
DA:15,0
FN:15,UniswapV2LiquidityMathLibrary.computeProfitMaximizingTrade
FNDA:0,UniswapV2LiquidityMathLibrary.computeProfitMaximizingTrade
DA:21,0
DA:23,0
DA:25,0
DA:32,0
DA:34,0
DA:37,0
DA:41,0
FN:41,UniswapV2LiquidityMathLibrary.getReservesAfterArbitrage
FNDA:0,UniswapV2LiquidityMathLibrary.getReservesAfterArbitrage
DA:49,0
DA:51,0
BRDA:51,1,0,-
BRDA:51,1,1,-
DA:54,0
DA:56,0
BRDA:56,2,0,-
DA:57,0
DA:61,0
BRDA:61,3,0,-
BRDA:61,3,1,-
DA:62,0
DA:63,0
DA:64,0
DA:66,0
DA:67,0
DA:68,0
DA:73,0
FN:73,UniswapV2LiquidityMathLibrary.computeLiquidityValue
FNDA:0,UniswapV2LiquidityMathLibrary.computeLiquidityValue
DA:81,0
BRDA:81,4,0,-
DA:82,0
DA:83,0
DA:84,0
BRDA:84,5,0,-
DA:85,0
DA:86,0
DA:87,0
DA:88,0
DA:89,0
DA:92,0
DA:98,0
FN:98,UniswapV2LiquidityMathLibrary.getLiquidityValue
FNDA:0,UniswapV2LiquidityMathLibrary.getLiquidityValue
DA:104,0
DA:105,0
DA:106,0
DA:107,0
DA:108,0
DA:109,0
DA:114,0
FN:114,UniswapV2LiquidityMathLibrary.getLiquidityValueAfterArbitrageToPrice
FNDA:0,UniswapV2LiquidityMathLibrary.getLiquidityValueAfterArbitrageToPrice
DA:125,0
DA:126,0
DA:127,0
DA:128,0
DA:131,0
BRDA:131,6,0,-
BRDA:131,6,1,-
DA:133,0
DA:135,0
FNF:5
FNH:0
LF:46
LH:0
BRF:9
BRH:0
end_of_record
TN:
SF:src/periphery/libraries/UniswapV2OracleLibrary.sol
DA:12,0
FN:12,UniswapV2OracleLibrary.currentBlockTimestamp
FNDA:0,UniswapV2OracleLibrary.currentBlockTimestamp
DA:13,0
DA:17,0
FN:17,UniswapV2OracleLibrary.currentCumulativePrices
FNDA:0,UniswapV2OracleLibrary.currentCumulativePrices
DA:20,0
DA:21,0
DA:22,0
DA:25,0
DA:26,0
BRDA:26,0,0,-
DA:28,0
DA:31,0
DA:33,0
FNF:2
FNH:0
LF:11
LH:0
BRF:1
BRH:0
end_of_record
TN:
SF:test/mocks/ERC20Mock.sol
DA:15,6
FN:15,ERC20Mock.constructor
FNDA:6,ERC20Mock.constructor
DA:16,6
DA:17,6
DA:18,6
DA:21,0
FN:21,ERC20Mock.transfer
FNDA:0,ERC20Mock.transfer
DA:22,0
DA:25,6
FN:25,ERC20Mock.approve
FNDA:6,ERC20Mock.approve
DA:26,6
DA:27,6
DA:30,0
FN:30,ERC20Mock.transferFrom
FNDA:0,ERC20Mock.transferFrom
DA:31,0
BRDA:31,0,0,-
DA:32,0
DA:34,0
DA:37,0
FN:37,ERC20Mock._transfer
FNDA:0,ERC20Mock._transfer
DA:38,0
BRDA:38,1,0,-
BRDA:38,1,1,-
DA:39,0
BRDA:39,2,0,-
BRDA:39,2,1,-
DA:41,0
DA:42,0
DA:44,0
DA:45,0
DA:48,6
FN:48,ERC20Mock._approve
FNDA:6,ERC20Mock._approve
DA:49,6
BRDA:49,3,0,-
BRDA:49,3,1,6
DA:50,6
BRDA:50,4,0,-
BRDA:50,4,1,6
DA:52,6
DA:53,6
DA:56,6
FN:56,ERC20Mock._mint
FNDA:6,ERC20Mock._mint
DA:57,6
BRDA:57,5,0,-
BRDA:57,5,1,6
DA:59,6
DA:60,6
DA:61,6
DA:64,0
FN:64,ERC20Mock._burn
FNDA:0,ERC20Mock._burn
DA:65,0
BRDA:65,6,0,-
BRDA:65,6,1,-
DA:66,0
BRDA:66,7,0,-
BRDA:66,7,1,-
DA:68,0
DA:69,0
DA:70,0
DA:74,0
FN:74,ERC20Mock.mint
FNDA:0,ERC20Mock.mint
DA:75,0
DA:78,0
FN:78,ERC20Mock.burn
FNDA:0,ERC20Mock.burn
DA:79,0
DA:86,0
FN:86,ERC20Mock.setFeeStatus
FNDA:0,ERC20Mock.setFeeStatus
DA:87,0
DA:90,0
FN:90,ERC20Mock.setFeePercentage
FNDA:0,ERC20Mock.setFeePercentage
DA:91,0
BRDA:91,8,0,-
BRDA:91,8,1,-
DA:92,0
DA:96,0
FN:96,ERC20Mock._transferWithFee
FNDA:0,ERC20Mock._transferWithFee
DA:97,0
BRDA:97,9,0,-
BRDA:97,9,1,-
DA:98,0
BRDA:98,10,0,-
BRDA:98,10,1,-
DA:100,0
DA:101,0
DA:103,0
DA:104,0
DA:106,0
BRDA:106,11,0,-
DA:108,0
DA:109,0
DA:112,0
DA:113,0
FNF:13
FNH:4
LF:57
LH:17
BRF:22
BRH:3
end_of_record
TN:
SF:test/mocks/WETH9.sol
DA:17,0
FN:17,WETH9.receive
FNDA:0,WETH9.receive
DA:18,0
DA:21,0
FN:21,WETH9.deposit
FNDA:0,WETH9.deposit
DA:22,0
DA:23,0
DA:26,0
FN:26,WETH9.withdraw
FNDA:0,WETH9.withdraw
DA:27,0
BRDA:27,0,0,-
BRDA:27,0,1,-
DA:28,0
DA:29,0
DA:30,0
DA:33,0
FN:33,WETH9.totalSupply
FNDA:0,WETH9.totalSupply
DA:34,0
DA:37,0
FN:37,WETH9.approve
FNDA:0,WETH9.approve
DA:38,0
DA:39,0
DA:40,0
DA:43,0
FN:43,WETH9.transfer
FNDA:0,WETH9.transfer
DA:44,0
DA:47,0
FN:47,WETH9.transferFrom
FNDA:0,WETH9.transferFrom
DA:48,0
BRDA:48,1,0,-
BRDA:48,1,1,-
DA:50,0
BRDA:50,2,0,-
DA:51,0
BRDA:51,3,0,-
BRDA:51,3,1,-
DA:52,0
DA:55,0
DA:56,0
DA:58,0
DA:60,0
FNF:7
FNH:0
LF:27
LH:0
BRF:7
BRH:0
end_of_record
