TN:
SF:src/contracts/UniswapV2ERC20.sol
DA:24,120
FN:24,UniswapV2ERC20.constructor
FNDA:120,UniswapV2ERC20.constructor
DA:25,120
DA:27,120
DA:29,120
DA:40,171
FN:40,UniswapV2ERC20._mint
FNDA:171,UniswapV2ERC20._mint
DA:41,171
DA:42,171
DA:43,171
DA:46,60
FN:46,UniswapV2ERC20.mint
FNDA:60,UniswapV2ERC20.mint
DA:47,60
DA:50,13
FN:50,UniswapV2ERC20._burn
FNDA:13,UniswapV2ERC20._burn
DA:51,13
DA:52,11
DA:53,11
DA:56,4
FN:56,UniswapV2ERC20.burn
FNDA:4,UniswapV2ERC20.burn
DA:57,4
DA:60,13
FN:60,UniswapV2ERC20._approve
FNDA:13,UniswapV2ERC20._approve
DA:61,13
DA:62,13
DA:65,162
FN:65,UniswapV2ERC20._transfer
FNDA:162,UniswapV2ERC20._transfer
DA:66,162
DA:67,160
DA:68,160
DA:71,8
FN:71,UniswapV2ERC20.approve
FNDA:8,UniswapV2ERC20.approve
DA:72,8
DA:73,8
DA:76,153
FN:76,UniswapV2ERC20.transfer
FNDA:153,UniswapV2ERC20.transfer
DA:77,153
DA:78,151
DA:81,9
FN:81,UniswapV2ERC20.transferFrom
FNDA:9,UniswapV2ERC20.transferFrom
DA:82,9
BRDA:82,0,0,8
DA:83,8
DA:85,9
DA:86,9
DA:89,7
FN:89,UniswapV2ERC20.permit
FNDA:7,UniswapV2ERC20.permit
DA:90,7
BRDA:90,1,0,1
BRDA:90,1,1,6
DA:91,6
DA:98,6
DA:99,6
BRDA:99,2,0,1
BRDA:99,2,1,5
DA:100,5
FNF:11
FNH:11
LF:40
LH:40
BRF:5
BRH:5
end_of_record
TN:
SF:src/contracts/UniswapV2Factory.sol
DA:14,70
FN:14,UniswapV2Factory.constructor
FNDA:70,UniswapV2Factory.constructor
DA:15,70
DA:18,3
FN:18,UniswapV2Factory.allPairsLength
FNDA:3,UniswapV2Factory.allPairsLength
DA:19,3
DA:22,62
FN:22,UniswapV2Factory.createPair
FNDA:62,UniswapV2Factory.createPair
DA:23,62
BRDA:23,0,0,-
BRDA:23,0,1,62
DA:24,62
DA:25,62
BRDA:25,1,0,-
BRDA:25,1,1,62
DA:26,62
BRDA:26,2,0,2
BRDA:26,2,1,60
DA:27,60
DA:28,60
DA:30,60
DA:32,60
DA:33,60
DA:34,60
DA:35,60
DA:36,60
DA:39,5
FN:39,UniswapV2Factory.setFeeTo
FNDA:5,UniswapV2Factory.setFeeTo
DA:40,5
BRDA:40,3,0,1
BRDA:40,3,1,4
DA:41,4
DA:44,3
FN:44,UniswapV2Factory.setFeeToSetter
FNDA:3,UniswapV2Factory.setFeeToSetter
DA:45,3
BRDA:45,4,0,2
BRDA:45,4,1,1
DA:46,1
FNF:5
FNH:5
LF:23
LH:23
BRF:10
BRH:8
end_of_record
TN:
SF:src/contracts/UniswapV2Pair.sol
DA:32,39
FN:32,UniswapV2Pair.lock
FNDA:39,UniswapV2Pair.lock
DA:33,39
BRDA:33,0,0,-
BRDA:33,0,1,2
DA:34,39
DA:36,29
DA:39,64
FN:39,UniswapV2Pair.getReserves
FNDA:64,UniswapV2Pair.getReserves
DA:40,169
DA:41,169
DA:42,169
DA:45,59
FN:45,UniswapV2Pair._safeTransfer
FNDA:59,UniswapV2Pair._safeTransfer
DA:46,59
DA:47,59
BRDA:47,1,0,-
BRDA:47,1,1,59
DA:62,60
FN:62,UniswapV2Pair.constructor
FNDA:60,UniswapV2Pair.constructor
DA:63,60
DA:67,60
FN:67,UniswapV2Pair.initialize
FNDA:60,UniswapV2Pair.initialize
DA:68,60
BRDA:68,2,0,-
BRDA:68,2,1,60
DA:69,60
DA:70,60
DA:74,97
FN:74,UniswapV2Pair._update
FNDA:97,UniswapV2Pair._update
DA:75,97
BRDA:75,3,0,-
BRDA:75,3,1,97
DA:76,97
DA:77,97
DA:78,97
BRDA:78,4,0,3
DA:80,3
DA:81,3
DA:83,97
DA:84,97
DA:85,97
DA:86,97
DA:90,66
FN:90,UniswapV2Pair._mintFee
FNDA:66,UniswapV2Pair._mintFee
DA:91,66
DA:92,66
DA:93,66
DA:94,3
BRDA:94,5,0,3
BRDA:94,5,1,63
DA:95,3
BRDA:95,6,0,1
DA:96,1
DA:97,1
DA:98,1
BRDA:98,7,0,1
DA:99,1
DA:100,1
DA:101,1
DA:102,1
BRDA:102,8,0,1
DA:105,63
BRDA:105,9,0,1
DA:106,1
DA:111,57
FN:111,UniswapV2Pair.mint
FNDA:57,UniswapV2Pair.mint
DA:112,57
DA:113,57
DA:114,57
DA:115,57
DA:116,57
DA:118,57
DA:119,57
DA:120,57
BRDA:120,10,0,53
BRDA:120,10,1,4
DA:121,53
DA:122,53
DA:124,4
DA:126,57
BRDA:126,11,0,-
BRDA:126,11,1,57
DA:127,57
DA:129,57
DA:130,2
BRDA:130,12,0,2
DA:131,57
DA:135,9
FN:135,UniswapV2Pair.burn
FNDA:9,UniswapV2Pair.burn
DA:136,9
DA:137,9
DA:138,9
DA:139,9
DA:140,9
DA:141,9
DA:143,9
DA:144,9
DA:145,9
DA:146,9
DA:147,9
BRDA:147,13,0,-
BRDA:147,13,1,9
DA:148,9
DA:149,9
DA:150,9
DA:151,9
DA:152,9
DA:154,9
DA:155,1
BRDA:155,14,0,1
DA:156,9
DA:160,39
FN:160,UniswapV2Pair.swap
FNDA:39,UniswapV2Pair.swap
DA:161,39
BRDA:161,15,0,-
BRDA:161,15,1,39
DA:162,39
DA:163,39
BRDA:163,16,0,-
BRDA:163,16,1,39
DA:165,39
DA:166,39
DA:168,39
DA:169,39
DA:170,39
BRDA:170,17,0,-
BRDA:170,17,1,39
DA:171,39
BRDA:171,18,0,14
DA:172,39
BRDA:172,19,0,25
DA:173,39
BRDA:173,20,0,-
DA:174,39
DA:175,39
DA:177,39
DA:178,39
DA:179,39
BRDA:179,21,0,-
BRDA:179,21,1,39
DA:181,39
DA:182,39
DA:183,39
BRDA:183,22,0,10
BRDA:183,22,1,29
DA:186,29
DA:187,29
DA:191,1
FN:191,UniswapV2Pair.skim
FNDA:1,UniswapV2Pair.skim
DA:192,1
DA:193,1
DA:194,1
DA:195,1
DA:199,2
FN:199,UniswapV2Pair.sync
FNDA:2,UniswapV2Pair.sync
DA:200,2
FNF:12
FNH:12
LF:109
LH:109
BRF:36
BRH:25
end_of_record
TN:
SF:src/contracts/UniswapV2Router02.sol
DA:17,2
FN:17,UniswapV2Router02.ensure
FNDA:2,UniswapV2Router02.ensure
DA:18,2
BRDA:18,0,0,-
BRDA:18,0,1,1
DA:22,40
FN:22,UniswapV2Router02.constructor
FNDA:40,UniswapV2Router02.constructor
DA:23,40
DA:24,40
DA:27,7
FN:27,UniswapV2Router02.receive
FNDA:7,UniswapV2Router02.receive
DA:28,7
DA:32,35
FN:32,UniswapV2Router02._addLiquidity
FNDA:35,UniswapV2Router02._addLiquidity
DA:41,35
BRDA:41,1,0,32
DA:42,32
DA:46,35
DA:47,35
BRDA:47,2,0,-
BRDA:47,2,1,35
DA:50,35
DA:51,35
DA:53,35
DA:54,34
DA:55,34
DA:56,1
DA:58,1
DA:61,35
BRDA:61,3,0,33
BRDA:61,3,1,1
DA:62,33
DA:64,2
DA:65,2
BRDA:65,4,0,1
BRDA:65,4,1,1
DA:66,1
BRDA:66,5,0,-
BRDA:66,5,1,1
DA:67,1
DA:69,1
DA:70,1
DA:71,1
BRDA:71,6,0,-
BRDA:71,6,1,1
DA:72,1
DA:77,24
FN:77,UniswapV2Router02.addLiquidity
FNDA:24,UniswapV2Router02.addLiquidity
DA:87,24
DA:89,24
DA:90,24
DA:91,24
DA:92,24
DA:95,11
FN:95,UniswapV2Router02.addLiquidityETH
FNDA:11,UniswapV2Router02.addLiquidityETH
DA:103,11
DA:112,11
DA:113,11
DA:114,11
DA:115,11
DA:116,11
DA:118,11
BRDA:118,7,0,-
DA:122,1
FN:122,UniswapV2Router02.removeLiquidity
FNDA:1,UniswapV2Router02.removeLiquidity
DA:131,6
DA:132,6
BRDA:132,8,0,-
BRDA:132,8,1,6
DA:133,6
DA:134,6
DA:135,6
DA:136,6
DA:137,6
BRDA:137,9,0,-
BRDA:137,9,1,6
DA:138,6
BRDA:138,10,0,-
BRDA:138,10,1,6
DA:141,1
FN:141,UniswapV2Router02.removeLiquidityETH
FNDA:1,UniswapV2Router02.removeLiquidityETH
DA:149,2
DA:158,2
DA:159,2
DA:160,2
DA:163,1
FN:163,UniswapV2Router02.removeLiquidityWithPermit
FNDA:1,UniswapV2Router02.removeLiquidityWithPermit
DA:173,1
DA:174,1
BRDA:174,11,0,-
BRDA:174,11,1,1
DA:175,1
DA:176,1
DA:177,1
DA:180,1
FN:180,UniswapV2Router02.removeLiquidityETHWithPermit
FNDA:1,UniswapV2Router02.removeLiquidityETHWithPermit
DA:189,1
DA:190,1
BRDA:190,12,0,-
BRDA:190,12,1,1
DA:191,1
DA:192,1
DA:193,1
DA:197,1
FN:197,UniswapV2Router02.removeLiquidityETHSupportingFeeOnTransferTokens
FNDA:1,UniswapV2Router02.removeLiquidityETHSupportingFeeOnTransferTokens
DA:205,2
DA:214,2
DA:215,2
DA:216,2
DA:219,1
FN:219,UniswapV2Router02.removeLiquidityETHWithPermitSupportingFeeOnTransferTokens
FNDA:1,UniswapV2Router02.removeLiquidityETHWithPermitSupportingFeeOnTransferTokens
DA:228,1
DA:229,1
BRDA:229,13,0,-
BRDA:229,13,1,1
DA:230,1
DA:231,1
DA:232,1
DA:239,7
FN:239,UniswapV2Router02._swap
FNDA:7,UniswapV2Router02._swap
DA:240,7
DA:241,8
DA:242,8
DA:243,8
DA:244,8
DA:247,8
DA:248,8
BRDA:248,14,0,1
BRDA:248,14,1,1
DA:249,1
DA:250,1
BRDA:250,15,0,-
BRDA:250,15,1,1
DA:251,1
DA:253,7
DA:257,8
DA:258,8
BRDA:258,16,0,-
BRDA:258,16,1,8
DA:259,8
DA:263,6
FN:263,UniswapV2Router02.swapExactTokensForTokens
FNDA:6,UniswapV2Router02.swapExactTokensForTokens
DA:270,5
DA:271,2
BRDA:271,17,0,-
BRDA:271,17,1,2
DA:273,2
DA:274,2
BRDA:274,18,0,-
BRDA:274,18,1,2
DA:276,2
DA:277,2
DA:280,1
FN:280,UniswapV2Router02.swapTokensForExactTokens
FNDA:1,UniswapV2Router02.swapTokensForExactTokens
DA:287,1
DA:288,1
BRDA:288,19,0,-
BRDA:288,19,1,1
DA:290,1
DA:291,1
BRDA:291,20,0,-
BRDA:291,20,1,1
DA:293,1
DA:294,1
DA:297,1
FN:297,UniswapV2Router02.swapExactETHForTokens
FNDA:1,UniswapV2Router02.swapExactETHForTokens
DA:310,1
BRDA:310,21,0,-
BRDA:310,21,1,1
DA:311,1
DA:312,1
BRDA:312,22,0,-
BRDA:312,22,1,1
DA:314,1
DA:315,1
BRDA:315,23,0,-
BRDA:315,23,1,1
DA:317,1
DA:318,1
DA:319,1
DA:321,1
BRDA:321,24,0,-
DA:324,1
FN:324,UniswapV2Router02.swapTokensForExactETH
FNDA:1,UniswapV2Router02.swapTokensForExactETH
DA:331,1
BRDA:331,25,0,-
BRDA:331,25,1,1
DA:332,1
DA:333,1
BRDA:333,26,0,-
BRDA:333,26,1,1
DA:335,1
DA:336,1
BRDA:336,27,0,-
BRDA:336,27,1,1
DA:338,1
DA:339,1
DA:340,1
DA:341,1
DA:344,1
FN:344,UniswapV2Router02.swapExactTokensForETH
FNDA:1,UniswapV2Router02.swapExactTokensForETH
DA:351,1
BRDA:351,28,0,-
BRDA:351,28,1,1
DA:352,1
DA:353,1
BRDA:353,29,0,-
BRDA:353,29,1,1
DA:355,1
DA:356,1
BRDA:356,30,0,-
BRDA:356,30,1,1
DA:358,1
DA:359,1
DA:360,1
DA:361,1
DA:364,1
FN:364,UniswapV2Router02.swapETHForExactTokens
FNDA:1,UniswapV2Router02.swapETHForExactTokens
DA:372,1
BRDA:372,31,0,-
BRDA:372,31,1,1
DA:373,1
DA:374,1
BRDA:374,32,0,-
BRDA:374,32,1,1
DA:376,1
DA:377,1
BRDA:377,33,0,-
BRDA:377,33,1,1
DA:379,1
DA:380,1
DA:381,1
DA:383,1
BRDA:383,34,0,1
DA:388,4
FN:388,UniswapV2Router02._swapSupportingFeeOnTransferTokens
FNDA:4,UniswapV2Router02._swapSupportingFeeOnTransferTokens
DA:389,4
DA:390,6
DA:391,6
DA:393,6
DA:394,6
BRDA:394,35,0,-
BRDA:394,35,1,6
DA:396,6
DA:397,6
DA:398,6
DA:400,6
DA:401,6
DA:402,6
DA:403,6
DA:405,6
DA:407,6
DA:408,6
BRDA:408,36,0,2
BRDA:408,36,1,2
DA:409,2
DA:410,2
BRDA:410,37,0,-
BRDA:410,37,1,2
DA:412,4
DA:415,6
DA:419,2
FN:419,UniswapV2Router02.swapExactTokensForTokensSupportingFeeOnTransferTokens
FNDA:2,UniswapV2Router02.swapExactTokensForTokensSupportingFeeOnTransferTokens
DA:426,2
DA:427,2
BRDA:427,38,0,-
BRDA:427,38,1,2
DA:429,2
DA:430,2
DA:431,2
DA:432,2
BRDA:432,39,0,-
BRDA:432,39,1,2
DA:438,1
FN:438,UniswapV2Router02.swapExactETHForTokensSupportingFeeOnTransferTokens
FNDA:1,UniswapV2Router02.swapExactETHForTokensSupportingFeeOnTransferTokens
DA:450,1
BRDA:450,40,0,-
BRDA:450,40,1,1
DA:451,1
DA:453,1
DA:454,1
BRDA:454,41,0,-
BRDA:454,41,1,1
DA:456,1
DA:457,1
DA:458,1
DA:459,1
DA:460,1
BRDA:460,42,0,-
BRDA:460,42,1,1
DA:466,1
FN:466,UniswapV2Router02.swapExactTokensForETHSupportingFeeOnTransferTokens
FNDA:1,UniswapV2Router02.swapExactTokensForETHSupportingFeeOnTransferTokens
DA:478,1
BRDA:478,43,0,-
BRDA:478,43,1,1
DA:480,1
DA:481,1
BRDA:481,44,0,-
BRDA:481,44,1,1
DA:483,1
DA:484,1
DA:485,1
DA:486,1
BRDA:486,45,0,-
BRDA:486,45,1,1
DA:487,1
DA:488,1
DA:492,2
FN:492,UniswapV2Router02.quote
FNDA:2,UniswapV2Router02.quote
DA:493,2
DA:496,4
FN:496,UniswapV2Router02.getAmountOut
FNDA:4,UniswapV2Router02.getAmountOut
DA:503,4
DA:506,4
FN:506,UniswapV2Router02.getAmountIn
FNDA:4,UniswapV2Router02.getAmountIn
DA:513,4
DA:516,3
FN:516,UniswapV2Router02.getAmountsOut
FNDA:3,UniswapV2Router02.getAmountsOut
DA:523,3
DA:526,3
FN:526,UniswapV2Router02.getAmountsIn
FNDA:3,UniswapV2Router02.getAmountsIn
DA:533,3
FNF:28
FNH:28
LF:206
LH:206
BRF:88
BRH:48
end_of_record
TN:
SF:src/libraries/Math.sol
DA:6,24
FN:6,Math.safeAdd
FNDA:24,Math.safeAdd
DA:7,24
DA:10,7
FN:10,Math.safeSub
FNDA:7,Math.safeSub
DA:11,7
DA:14,76
FN:14,Math.safeMul
FNDA:76,Math.safeMul
DA:15,76
DA:18,4
FN:18,Math.min
FNDA:4,Math.min
DA:19,4
DA:23,55
FN:23,Math.sqrt
FNDA:55,Math.sqrt
DA:24,55
BRDA:24,0,0,55
BRDA:24,0,1,-
DA:25,55
DA:26,55
DA:27,3975
DA:28,3920
DA:29,3920
DA:31,0
BRDA:31,1,0,-
DA:32,0
FNF:5
FNH:5
LF:17
LH:15
BRF:3
BRH:1
end_of_record
TN:
SF:src/libraries/TransferHelper.sol
DA:6,0
FN:6,TransferHelper.safeApprove
FNDA:0,TransferHelper.safeApprove
DA:12,0
DA:13,0
BRDA:13,0,0,-
BRDA:13,0,1,-
DA:19,4
FN:19,TransferHelper.safeTransfer
FNDA:4,TransferHelper.safeTransfer
DA:25,4
DA:26,4
BRDA:26,1,0,-
BRDA:26,1,1,4
DA:32,67
FN:32,TransferHelper.safeTransferFrom
FNDA:67,TransferHelper.safeTransferFrom
DA:39,67
DA:40,67
BRDA:40,2,0,-
BRDA:40,2,1,67
DA:46,8
FN:46,TransferHelper.safeTransferETH
FNDA:8,TransferHelper.safeTransferETH
DA:47,8
DA:48,8
BRDA:48,3,0,-
BRDA:48,3,1,8
FNF:4
FNH:3
LF:12
LH:9
BRF:8
BRH:3
end_of_record
TN:
SF:src/libraries/UQ112x112.sol
DA:13,6
FN:13,UQ112x112.encode
FNDA:6,UQ112x112.encode
DA:14,6
DA:18,6
FN:18,UQ112x112.uqdiv
FNDA:6,UQ112x112.uqdiv
DA:19,6
BRDA:19,0,0,-
BRDA:19,0,1,6
DA:20,6
FNF:2
FNH:2
LF:5
LH:5
BRF:2
BRH:1
end_of_record
TN:
SF:src/libraries/UniswapV2Library.sol
DA:12,90
FN:12,UniswapV2Library.sortTokens
FNDA:90,UniswapV2Library.sortTokens
DA:13,90
BRDA:13,0,0,-
BRDA:13,0,1,90
DA:14,90
DA:15,90
BRDA:15,1,0,-
BRDA:15,1,1,90
DA:19,18
FN:19,UniswapV2Library.pairFor
FNDA:18,UniswapV2Library.pairFor
DA:21,18
DA:22,18
DA:25,18
BRDA:25,2,0,2
DA:26,2
DA:31,18
FN:31,UniswapV2Library.getReserves
FNDA:18,UniswapV2Library.getReserves
DA:32,18
DA:33,18
DA:34,18
BRDA:34,3,0,2
BRDA:34,3,1,16
DA:36,16
DA:37,16
DA:41,5
FN:41,UniswapV2Library.quote
FNDA:5,UniswapV2Library.quote
DA:42,5
BRDA:42,4,0,-
BRDA:42,4,1,5
DA:43,5
BRDA:43,5,0,1
BRDA:43,5,1,4
DA:44,4
DA:48,20
FN:48,UniswapV2Library.getAmountOut
FNDA:20,UniswapV2Library.getAmountOut
DA:49,20
BRDA:49,6,0,1
BRDA:49,6,1,19
DA:50,19
BRDA:50,7,0,2
BRDA:50,7,1,17
DA:51,17
DA:52,17
DA:53,17
DA:54,17
DA:58,10
FN:58,UniswapV2Library.getAmountIn
FNDA:10,UniswapV2Library.getAmountIn
DA:59,10
BRDA:59,8,0,1
BRDA:59,8,1,9
DA:60,9
BRDA:60,9,0,2
BRDA:60,9,1,7
DA:61,7
DA:62,7
DA:63,7
DA:67,10
FN:67,UniswapV2Library.getAmountsOut
FNDA:10,UniswapV2Library.getAmountsOut
DA:68,10
BRDA:68,10,0,2
BRDA:68,10,1,8
DA:69,8
DA:70,8
DA:71,8
DA:72,12
DA:73,10
DA:78,6
FN:78,UniswapV2Library.getAmountsIn
FNDA:6,UniswapV2Library.getAmountsIn
DA:79,6
BRDA:79,11,0,1
BRDA:79,11,1,5
DA:80,5
DA:81,5
DA:82,5
DA:83,6
DA:84,6
FNF:8
FNH:8
LF:46
LH:46
BRF:23
BRH:20
end_of_record
TN:
SF:src/tests/UniswapV2Router02/UniswapV2Router02.t.base.sol
DA:16,39
FN:16,ERC20FeeOnTransfer.constructor
FNDA:39,ERC20FeeOnTransfer.constructor
DA:21,39
DA:40,39
FN:40,UniswapV2RouterTestBase.setUp
FNDA:39,UniswapV2RouterTestBase.setUp
DA:42,39
DA:43,39
DA:44,39
DA:47,39
DA:48,39
DA:49,39
DA:52,39
DA:53,39
DA:54,39
DA:56,39
DA:57,39
DA:58,39
DA:61,39
DA:62,39
FNF:2
FNH:2
LF:17
LH:17
BRF:0
BRH:0
end_of_record
TN:
SF:src/tests/UniswapV2Router02/UniswapV2Router02.t.swapEdgecases.sol
DA:12,1
FN:12,MockERC20WithFee.transfer
FNDA:1,MockERC20WithFee.transfer
DA:13,1
BRDA:13,0,0,-
BRDA:13,0,1,1
DA:15,1
DA:16,1
DA:18,1
DA:19,1
DA:20,1
DA:21,1
DA:24,2
FN:24,MockERC20WithFee.transferFrom
FNDA:2,MockERC20WithFee.transferFrom
DA:29,2
BRDA:29,1,0,-
BRDA:29,1,1,2
DA:30,2
BRDA:30,2,0,-
BRDA:30,2,1,2
DA:33,2
DA:34,2
DA:36,2
DA:37,2
DA:38,2
DA:39,2
DA:40,2
FNF:2
FNH:2
LF:18
LH:18
BRF:6
BRH:3
end_of_record
TN:
SF:src/tests/mocks/MockERC20.sol
DA:14,125
FN:14,MockERC20.constructor
FNDA:125,MockERC20.constructor
DA:15,125
DA:16,125
DA:19,260
FN:19,MockERC20.mint
FNDA:260,MockERC20.mint
DA:20,260
DA:21,260
DA:24,51
FN:24,MockERC20.approve
FNDA:51,MockERC20.approve
DA:25,51
DA:26,51
DA:29,22
FN:29,MockERC20.transfer
FNDA:22,MockERC20.transfer
DA:30,22
BRDA:30,0,0,-
BRDA:30,0,1,22
DA:31,22
DA:32,22
DA:33,22
DA:36,61
FN:36,MockERC20.transferFrom
FNDA:61,MockERC20.transferFrom
DA:41,61
BRDA:41,1,0,-
BRDA:41,1,1,61
DA:42,61
BRDA:42,2,0,-
BRDA:42,2,1,61
DA:43,61
DA:44,61
DA:45,61
DA:46,61
FNF:5
FNH:5
LF:21
LH:21
BRF:6
BRH:3
end_of_record
TN:
SF:src/tests/mocks/MockFailingPair.sol
DA:6,1
FN:6,MockFailingPair.getReserves
FNDA:1,MockFailingPair.getReserves
DA:7,1
DA:10,1
FN:10,MockFailingPair.mint
FNDA:1,MockFailingPair.mint
DA:11,1
DA:19,1
FN:19,MockFailingFactory.constructor
FNDA:1,MockFailingFactory.constructor
DA:20,1
DA:23,3
FN:23,MockFailingFactory.getPair
FNDA:3,MockFailingFactory.getPair
DA:24,3
DA:27,0
FN:27,MockFailingFactory.createPair
FNDA:0,MockFailingFactory.createPair
DA:28,0
FNF:5
FNH:4
LF:10
LH:8
BRF:0
BRH:0
end_of_record
TN:
SF:src/tests/mocks/MockWETH9.sol
DA:17,0
FN:17,MockWETH9.receive
FNDA:0,MockWETH9.receive
DA:18,0
DA:21,16
FN:21,MockWETH9.deposit
FNDA:16,MockWETH9.deposit
DA:22,16
DA:23,16
DA:26,7
FN:26,MockWETH9.withdraw
FNDA:7,MockWETH9.withdraw
DA:27,7
BRDA:27,0,0,-
BRDA:27,0,1,7
DA:28,7
DA:29,7
DA:30,7
DA:33,0
FN:33,MockWETH9.totalSupply
FNDA:0,MockWETH9.totalSupply
DA:34,0
DA:37,2
FN:37,MockWETH9.approve
FNDA:2,MockWETH9.approve
DA:38,2
DA:39,2
DA:40,2
DA:43,21
FN:43,MockWETH9.transfer
FNDA:21,MockWETH9.transfer
DA:44,21
DA:47,4
FN:47,MockWETH9.transferFrom
FNDA:4,MockWETH9.transferFrom
DA:51,25
BRDA:51,1,0,-
BRDA:51,1,1,25
DA:52,25
BRDA:52,2,0,-
DA:53,0
BRDA:53,3,0,-
BRDA:53,3,1,-
DA:54,0
DA:56,25
DA:57,25
DA:58,25
DA:59,25
FNF:7
FNH:5
LF:27
LH:21
BRF:7
BRH:2
end_of_record
